<?xml version="1.0" encoding="UTF-8"?>
<testsuite name="OptionTest" tests="1" skipped="0" failures="0" errors="0" timestamp="2024-11-03T09:52:49" hostname="user-System-Product-Name" time="1.06">
  <properties/>
  <testcase name="scannerCross" classname="OptionTest" time="1.06"/>
  <system-out><![CDATA[message processing
Next Valid Order ID: 229
message processing
Account list: DU2048440
Error. Id: -1, Code: 2104, Msg: Market data farm connection is OK:usfarm.nj

Error. Id: -1, Code: 2104, Msg: Market data farm connection is OK:hfarm

Error. Id: -1, Code: 2104, Msg: Market data farm connection is OK:jfarm

Error. Id: -1, Code: 2104, Msg: Market data farm connection is OK:usfuture

Error. Id: -1, Code: 2104, Msg: Market data farm connection is OK:cashfarm

Error. Id: -1, Code: 2104, Msg: Market data farm connection is OK:eufarmnj

Error. Id: -1, Code: 2104, Msg: Market data farm connection is OK:usfarm

Error. Id: -1, Code: 2106, Msg: HMDS data farm connection is OK:euhmds

Error. Id: -1, Code: 2106, Msg: HMDS data farm connection is OK:fundfarm

Error. Id: -1, Code: 2106, Msg: HMDS data farm connection is OK:ushmds

Error. Id: -1, Code: 2158, Msg: Sec-def data farm connection is OK:secdefnj

message processing
message processing
HistoricalData:  id=1010 date = 20241023 16:30:00 Europe/Kiev open=1.01 high=1.01 low=0.98 close=0.9999 volume=879 count=3 WAP=0.99861
HistoricalData:  id=1010 date = 20241023 16:45:00 Europe/Kiev open=0.9923 high=1.01 low=0.9923 close=1.0031 volume=8325 count=24 WAP=1.00149
HistoricalData:  id=1010 date = 20241023 17:00:00 Europe/Kiev open=1.01 high=1.01 low=1.01 close=1.01 volume=100 count=1 WAP=1.01
HistoricalData:  id=1010 date = 20241023 17:15:00 Europe/Kiev open=1.0002 high=1.0099 low=1 close=1 volume=908 count=6 WAP=1.00216
HistoricalData:  id=1010 date = 20241023 17:30:00 Europe/Kiev open=1.0093 high=1.01 low=1.0093 close=1.01 volume=600 count=2 WAP=1.00988
HistoricalData:  id=1010 date = 20241023 17:45:00 Europe/Kiev open=1.01 high=1.01 low=1.01 close=1.01 volume=0 count=0 WAP=1.01
HistoricalData:  id=1010 date = 20241023 18:00:00 Europe/Kiev open=1.0095 high=1.01 low=1 close=1.01 volume=1490 count=6 WAP=1.00447
HistoricalData:  id=1010 date = 20241023 18:15:00 Europe/Kiev open=1.01 high=1.01 low=1.01 close=1.01 volume=0 count=0 WAP=1.01
HistoricalData:  id=1010 date = 20241023 18:30:00 Europe/Kiev open=1.005 high=1.005 low=1.005 close=1.005 volume=800 count=1 WAP=1.005
HistoricalData:  id=1010 date = 20241023 18:45:00 Europe/Kiev open=1.005 high=1.0099 low=1.005 close=1.0099 volume=207 count=2 WAP=1.00753
HistoricalData:  id=1010 date = 20241023 19:00:00 Europe/Kiev open=1.01 high=1.01 low=1.01 close=1.01 volume=500 count=1 WAP=1.01
HistoricalData:  id=1010 date = 20241023 19:15:00 Europe/Kiev open=1 high=1 low=1 close=1 volume=800 count=4 WAP=1
HistoricalData:  id=1010 date = 20241023 19:30:00 Europe/Kiev open=1 high=1 low=1 close=1 volume=0 count=0 WAP=1
HistoricalData:  id=1010 date = 20241023 19:45:00 Europe/Kiev open=1 high=1 low=1 close=1 volume=0 count=0 WAP=1
HistoricalData:  id=1010 date = 20241023 20:00:00 Europe/Kiev open=1 high=1 low=0.9921 close=0.9998 volume=700 count=6 WAP=0.99654
HistoricalData:  id=1010 date = 20241023 20:15:00 Europe/Kiev open=0.9998 high=0.9998 low=0.9998 close=0.9998 volume=0 count=0 WAP=0.9998
HistoricalData:  id=1010 date = 20241023 20:30:00 Europe/Kiev open=0.9998 high=0.9998 low=0.9998 close=0.9998 volume=0 count=0 WAP=0.9998
HistoricalData:  id=1010 date = 20241023 20:45:00 Europe/Kiev open=0.9998 high=0.9998 low=0.9998 close=0.9998 volume=0 count=0 WAP=0.9998
HistoricalData:  id=1010 date = 20241023 21:00:00 Europe/Kiev open=0.9998 high=0.9998 low=0.9998 close=0.9998 volume=0 count=0 WAP=0.9998
HistoricalData:  id=1010 date = 20241023 21:15:00 Europe/Kiev open=0.9998 high=0.9998 low=0.9701 close=0.9804 volume=4900 count=12 WAP=0.98654
HistoricalData:  id=1010 date = 20241023 21:30:00 Europe/Kiev open=0.9701 high=0.9999 low=0.97 close=0.9999 volume=700 count=7 WAP=0.98117
HistoricalData:  id=1010 date = 20241023 21:45:00 Europe/Kiev open=0.9999 high=0.9999 low=0.9999 close=0.9999 volume=0 count=0 WAP=0.9999
HistoricalData:  id=1010 date = 20241023 22:00:00 Europe/Kiev open=0.9999 high=0.9999 low=0.9999 close=0.9999 volume=0 count=0 WAP=0.9999
HistoricalData:  id=1010 date = 20241023 22:15:00 Europe/Kiev open=0.9999 high=0.9999 low=0.9999 close=0.9999 volume=0 count=0 WAP=0.9999
HistoricalData:  id=1010 date = 20241023 22:30:00 Europe/Kiev open=0.9906 high=0.9998 low=0.9906 close=0.9943 volume=1200 count=5 WAP=0.9928
HistoricalData:  id=1010 date = 20241023 22:45:00 Europe/Kiev open=0.9939 high=1.01 low=0.9812 close=1.005 volume=24426 count=26 WAP=0.99902
HistoricalData:  id=1010 date = 20241024 16:30:00 Europe/Kiev open=1 high=1 low=0.98 close=0.982 volume=1587 count=8 WAP=0.99378
HistoricalData:  id=1010 date = 20241024 16:45:00 Europe/Kiev open=0.98 high=0.9888 low=0.98 close=0.9888 volume=1300 count=5 WAP=0.98144
HistoricalData:  id=1010 date = 20241024 17:00:00 Europe/Kiev open=0.98 high=0.9999 low=0.98 close=0.9999 volume=200 count=2 WAP=0.98995
HistoricalData:  id=1010 date = 20241024 17:15:00 Europe/Kiev open=0.9999 high=0.9999 low=0.9999 close=0.9999 volume=0 count=0 WAP=0.9999
HistoricalData:  id=1010 date = 20241024 17:30:00 Europe/Kiev open=0.9999 high=0.9999 low=0.9999 close=0.9999 volume=0 count=0 WAP=0.9999
HistoricalData:  id=1010 date = 20241024 17:45:00 Europe/Kiev open=0.9902 high=0.9902 low=0.9902 close=0.9902 volume=108 count=1 WAP=0.9902
HistoricalData:  id=1010 date = 20241024 18:00:00 Europe/Kiev open=0.9902 high=0.9902 low=0.9883 close=0.9883 volume=300 count=3 WAP=0.98957
HistoricalData:  id=1010 date = 20241024 18:15:00 Europe/Kiev open=0.9883 high=0.9883 low=0.9883 close=0.9883 volume=0 count=0 WAP=0.9883
HistoricalData:  id=1010 date = 20241024 18:30:00 Europe/Kiev open=0.9801 high=0.9801 low=0.9801 close=0.9801 volume=105 count=1 WAP=0.9801
HistoricalData:  id=1010 date = 20241024 18:45:00 Europe/Kiev open=0.9801 high=0.9801 low=0.9801 close=0.9801 volume=0 count=0 WAP=0.9801
HistoricalData:  id=1010 date = 20241024 19:00:00 Europe/Kiev open=0.98 high=0.98 low=0.9 close=0.9073 volume=6218 count=24 WAP=0.93708
HistoricalData:  id=1010 date = 20241024 19:15:00 Europe/Kiev open=0.9302 high=0.9302 low=0.9302 close=0.9302 volume=200 count=2 WAP=0.9302
HistoricalData:  id=1010 date = 20241024 19:30:00 Europe/Kiev open=0.9504 high=0.9655 low=0.9427 close=0.9655 volume=962 count=3 WAP=0.95938
HistoricalData:  id=1010 date = 20241024 19:45:00 Europe/Kiev open=0.9655 high=0.9655 low=0.9655 close=0.9655 volume=0 count=0 WAP=0.9655
HistoricalData:  id=1010 date = 20241024 20:00:00 Europe/Kiev open=0.9655 high=0.9655 low=0.9655 close=0.9655 volume=0 count=0 WAP=0.9655
HistoricalData:  id=1010 date = 20241024 20:15:00 Europe/Kiev open=0.9655 high=0.9655 low=0.9655 close=0.9655 volume=0 count=0 WAP=0.9655
HistoricalData:  id=1010 date = 20241024 20:30:00 Europe/Kiev open=0.9655 high=0.9655 low=0.9655 close=0.9655 volume=0 count=0 WAP=0.9655
HistoricalData:  id=1010 date = 20241024 20:45:00 Europe/Kiev open=0.9655 high=0.9655 low=0.9655 close=0.9655 volume=0 count=0 WAP=0.9655
HistoricalData:  id=1010 date = 20241024 21:00:00 Europe/Kiev open=0.9655 high=0.9655 low=0.9655 close=0.9655 volume=0 count=0 WAP=0.9655
HistoricalData:  id=1010 date = 20241024 21:15:00 Europe/Kiev open=0.9655 high=0.9655 low=0.9655 close=0.9655 volume=0 count=0 WAP=0.9655
HistoricalData:  id=1010 date = 20241024 21:30:00 Europe/Kiev open=0.9655 high=0.9655 low=0.9655 close=0.9655 volume=0 count=0 WAP=0.9655
HistoricalData:  id=1010 date = 20241024 21:45:00 Europe/Kiev open=0.9655 high=0.9655 low=0.9655 close=0.9655 volume=0 count=0 WAP=0.9655
HistoricalData:  id=1010 date = 20241024 22:00:00 Europe/Kiev open=0.9887 high=0.9887 low=0.9887 close=0.9887 volume=100 count=1 WAP=0.9887
HistoricalData:  id=1010 date = 20241024 22:15:00 Europe/Kiev open=0.9887 high=0.9887 low=0.9887 close=0.9887 volume=0 count=0 WAP=0.9887
HistoricalData:  id=1010 date = 20241024 22:30:00 Europe/Kiev open=0.9623 high=0.9623 low=0.9512 close=0.9512 volume=300 count=3 WAP=0.9569
HistoricalData:  id=1010 date = 20241024 22:45:00 Europe/Kiev open=0.9655 high=1.01 low=0.9649 close=1.01 volume=56653 count=64 WAP=0.98348
HistoricalData:  id=1010 date = 20241025 16:30:00 Europe/Kiev open=1 high=1 low=1 close=1 volume=1200 count=3 WAP=1
HistoricalData:  id=1010 date = 20241025 16:45:00 Europe/Kiev open=1 high=1 low=1 close=1 volume=200 count=2 WAP=1
HistoricalData:  id=1010 date = 20241025 17:00:00 Europe/Kiev open=1 high=1 low=0.9925 close=0.9999 volume=1100 count=5 WAP=0.99521
HistoricalData:  id=1010 date = 20241025 17:15:00 Europe/Kiev open=0.9999 high=0.9999 low=0.9999 close=0.9999 volume=0 count=0 WAP=0.9999
HistoricalData:  id=1010 date = 20241025 17:30:00 Europe/Kiev open=0.9999 high=0.9999 low=0.9999 close=0.9999 volume=0 count=0 WAP=0.9999
HistoricalData:  id=1010 date = 20241025 17:45:00 Europe/Kiev open=0.9999 high=0.9999 low=0.9999 close=0.9999 volume=0 count=0 WAP=0.9999
HistoricalData:  id=1010 date = 20241025 18:00:00 Europe/Kiev open=0.9953 high=0.9953 low=0.9953 close=0.9953 volume=100 count=1 WAP=0.9953
HistoricalData:  id=1010 date = 20241025 18:15:00 Europe/Kiev open=0.9997 high=0.9997 low=0.9997 close=0.9997 volume=100 count=1 WAP=0.9997
HistoricalData:  id=1010 date = 20241025 18:30:00 Europe/Kiev open=0.9997 high=0.9997 low=0.9997 close=0.9997 volume=0 count=0 WAP=0.9997
HistoricalData:  id=1010 date = 20241025 18:45:00 Europe/Kiev open=0.9997 high=0.9997 low=0.9997 close=0.9997 volume=0 count=0 WAP=0.9997
HistoricalData:  id=1010 date = 20241025 19:00:00 Europe/Kiev open=0.9998 high=0.9998 low=0.9998 close=0.9998 volume=200 count=1 WAP=0.9998
HistoricalData:  id=1010 date = 20241025 19:15:00 Europe/Kiev open=0.9985 high=0.9985 low=0.9985 close=0.9985 volume=100 count=1 WAP=0.9985
HistoricalData:  id=1010 date = 20241025 19:30:00 Europe/Kiev open=0.9998 high=0.9998 low=0.9998 close=0.9998 volume=963 count=2 WAP=0.9998
HistoricalData:  id=1010 date = 20241025 19:45:00 Europe/Kiev open=0.9998 high=0.9998 low=0.9998 close=0.9998 volume=0 count=0 WAP=0.9998
HistoricalData:  id=1010 date = 20241025 20:00:00 Europe/Kiev open=0.9973 high=0.9973 low=0.9973 close=0.9973 volume=100 count=1 WAP=0.9973
HistoricalData:  id=1010 date = 20241025 20:15:00 Europe/Kiev open=0.9972 high=0.9972 low=0.9972 close=0.9972 volume=100 count=1 WAP=0.9972
HistoricalData:  id=1010 date = 20241025 20:30:00 Europe/Kiev open=0.9972 high=0.9972 low=0.9972 close=0.9972 volume=0 count=0 WAP=0.9972
HistoricalData:  id=1010 date = 20241025 20:45:00 Europe/Kiev open=0.9998 high=0.9998 low=0.9998 close=0.9998 volume=500 count=1 WAP=0.9998
HistoricalData:  id=1010 date = 20241025 21:00:00 Europe/Kiev open=0.9998 high=0.9998 low=0.9998 close=0.9998 volume=0 count=0 WAP=0.9998
HistoricalData:  id=1010 date = 20241025 21:15:00 Europe/Kiev open=0.9998 high=0.9998 low=0.9998 close=0.9998 volume=0 count=0 WAP=0.9998
HistoricalData:  id=1010 date = 20241025 21:30:00 Europe/Kiev open=0.9998 high=0.9998 low=0.9998 close=0.9998 volume=0 count=0 WAP=0.9998
HistoricalData:  id=1010 date = 20241025 21:45:00 Europe/Kiev open=0.9998 high=0.9998 low=0.9998 close=0.9998 volume=0 count=0 WAP=0.9998
HistoricalData:  id=1010 date = 20241025 22:00:00 Europe/Kiev open=0.9972 high=0.9972 low=0.9972 close=0.9972 volume=100 count=1 WAP=0.9972
HistoricalData:  id=1010 date = 20241025 22:15:00 Europe/Kiev open=0.9972 high=0.9972 low=0.9972 close=0.9972 volume=0 count=0 WAP=0.9972
HistoricalData:  id=1010 date = 20241025 22:30:00 Europe/Kiev open=0.9992 high=0.9992 low=0.9992 close=0.9992 volume=300 count=1 WAP=0.9992
HistoricalData:  id=1010 date = 20241025 22:45:00 Europe/Kiev open=0.9991 high=1.01 low=0.9974 close=1.01 volume=26095 count=32 WAP=0.99972
HistoricalData:  id=1010 date = 20241028 15:30:00 Europe/Kiev open=1 high=1 low=0.9952 close=0.9998 volume=540 count=3 WAP=0.9973
HistoricalData:  id=1010 date = 20241028 15:45:00 Europe/Kiev open=0.9998 high=0.9998 low=0.9998 close=0.9998 volume=0 count=0 WAP=0.9998
HistoricalData:  id=1010 date = 20241028 16:00:00 Europe/Kiev open=0.9992 high=0.9996 low=0.96 close=0.9923 volume=2100 count=10 WAP=0.99515
HistoricalData:  id=1010 date = 20241028 16:15:00 Europe/Kiev open=0.9904 high=0.9904 low=0.9904 close=0.9904 volume=100 count=1 WAP=0.9904
HistoricalData:  id=1010 date = 20241028 16:30:00 Europe/Kiev open=0.9919 high=0.9952 low=0.9919 close=0.9952 volume=200 count=2 WAP=0.99355
HistoricalData:  id=1010 date = 20241028 16:45:00 Europe/Kiev open=0.9998 high=0.9998 low=0.9963 close=0.9963 volume=3549 count=5 WAP=0.99964
HistoricalData:  id=1010 date = 20241028 17:00:00 Europe/Kiev open=0.9998 high=0.9998 low=0.9998 close=0.9998 volume=2267 count=2 WAP=0.9998
HistoricalData:  id=1010 date = 20241028 17:15:00 Europe/Kiev open=0.9998 high=0.9998 low=0.9998 close=0.9998 volume=0 count=0 WAP=0.9998
HistoricalData:  id=1010 date = 20241028 17:30:00 Europe/Kiev open=0.9998 high=0.9998 low=0.9998 close=0.9998 volume=0 count=0 WAP=0.9998
HistoricalData:  id=1010 date = 20241028 17:45:00 Europe/Kiev open=0.9943 high=0.9943 low=0.9943 close=0.9943 volume=1265 count=1 WAP=0.9943
HistoricalData:  id=1010 date = 20241028 18:00:00 Europe/Kiev open=0.9943 high=0.9943 low=0.9943 close=0.9943 volume=0 count=0 WAP=0.9943
HistoricalData:  id=1010 date = 20241028 18:15:00 Europe/Kiev open=0.9943 high=0.9943 low=0.9943 close=0.9943 volume=0 count=0 WAP=0.9943
HistoricalData:  id=1010 date = 20241028 18:30:00 Europe/Kiev open=0.9943 high=0.9943 low=0.9943 close=0.9943 volume=0 count=0 WAP=0.9943
HistoricalData:  id=1010 date = 20241028 18:45:00 Europe/Kiev open=0.9943 high=0.9943 low=0.9943 close=0.9943 volume=0 count=0 WAP=0.9943
HistoricalData:  id=1010 date = 20241028 19:00:00 Europe/Kiev open=0.9943 high=0.9943 low=0.9943 close=0.9943 volume=0 count=0 WAP=0.9943
HistoricalData:  id=1010 date = 20241028 19:15:00 Europe/Kiev open=0.9925 high=0.9997 low=0.9925 close=0.9943 volume=1100 count=4 WAP=0.99495
HistoricalData:  id=1010 date = 20241028 19:30:00 Europe/Kiev open=0.9998 high=0.9998 low=0.9998 close=0.9998 volume=2258 count=3 WAP=0.9998
HistoricalData:  id=1010 date = 20241028 19:45:00 Europe/Kiev open=0.9981 high=1.01 low=0.998 close=1.01 volume=16319 count=20 WAP=0.99986
HistoricalData:  id=1010 date = 20241028 20:00:00 Europe/Kiev open=1.0021 high=1.01 low=1.002 close=1.0058 volume=3399 count=6 WAP=1.00406
HistoricalData:  id=1010 date = 20241028 20:15:00 Europe/Kiev open=1.005 high=1.01 low=1 close=1 volume=7260 count=19 WAP=1.00201
HistoricalData:  id=1010 date = 20241028 20:30:00 Europe/Kiev open=1.0001 high=1.0002 low=0.9997 close=0.9997 volume=1100 count=5 WAP=1.00008
HistoricalData:  id=1010 date = 20241028 20:45:00 Europe/Kiev open=0.9901 high=0.9901 low=0.9901 close=0.9901 volume=100 count=1 WAP=0.9901
HistoricalData:  id=1010 date = 20241028 21:00:00 Europe/Kiev open=0.9803 high=0.9912 low=0.9803 close=0.9912 volume=200 count=2 WAP=0.98575
HistoricalData:  id=1010 date = 20241028 21:15:00 Europe/Kiev open=0.9912 high=0.9912 low=0.9912 close=0.9912 volume=0 count=0 WAP=0.9912
HistoricalData:  id=1010 date = 20241028 21:30:00 Europe/Kiev open=0.9912 high=0.9912 low=0.9912 close=0.9912 volume=0 count=0 WAP=0.9912
HistoricalData:  id=1010 date = 20241028 21:45:00 Europe/Kiev open=0.9901 high=1.01 low=0.97 close=1 volume=23304 count=39 WAP=0.99869
HistoricalData:  id=1010 date = 20241029 15:30:00 Europe/Kiev open=0.97 high=1 low=0.97 close=0.9999 volume=4391 count=7 WAP=0.9724
HistoricalData:  id=1010 date = 20241029 15:45:00 Europe/Kiev open=0.9999 high=0.9999 low=0.9999 close=0.9999 volume=0 count=0 WAP=0.9999
HistoricalData:  id=1010 date = 20241029 16:00:00 Europe/Kiev open=0.9999 high=0.9999 low=0.9999 close=0.9999 volume=0 count=0 WAP=0.9999
HistoricalData:  id=1010 date = 20241029 16:15:00 Europe/Kiev open=0.9802 high=0.9802 low=0.9802 close=0.9802 volume=145 count=1 WAP=0.9802
HistoricalData:  id=1010 date = 20241029 16:30:00 Europe/Kiev open=0.9901 high=0.9901 low=0.9901 close=0.9901 volume=300 count=1 WAP=0.9901
HistoricalData:  id=1010 date = 20241029 16:45:00 Europe/Kiev open=0.9901 high=0.9901 low=0.9901 close=0.9901 volume=0 count=0 WAP=0.9901
HistoricalData:  id=1010 date = 20241029 17:00:00 Europe/Kiev open=0.9901 high=0.9901 low=0.9901 close=0.9901 volume=0 count=0 WAP=0.9901
HistoricalData:  id=1010 date = 20241029 17:15:00 Europe/Kiev open=0.9901 high=0.9901 low=0.9901 close=0.9901 volume=0 count=0 WAP=0.9901
HistoricalData:  id=1010 date = 20241029 17:30:00 Europe/Kiev open=0.9901 high=0.9901 low=0.9901 close=0.9901 volume=0 count=0 WAP=0.9901
HistoricalData:  id=1010 date = 20241029 17:45:00 Europe/Kiev open=0.9901 high=0.9901 low=0.9901 close=0.9901 volume=0 count=0 WAP=0.9901
HistoricalData:  id=1010 date = 20241029 18:00:00 Europe/Kiev open=0.9901 high=0.9901 low=0.9901 close=0.9901 volume=0 count=0 WAP=0.9901
HistoricalData:  id=1010 date = 20241029 18:15:00 Europe/Kiev open=0.9901 high=0.9901 low=0.9901 close=0.9901 volume=0 count=0 WAP=0.9901
HistoricalData:  id=1010 date = 20241029 18:30:00 Europe/Kiev open=0.9801 high=0.9801 low=0.9801 close=0.9801 volume=200 count=1 WAP=0.9801
HistoricalData:  id=1010 date = 20241029 18:45:00 Europe/Kiev open=0.9899 high=0.99 low=0.9899 close=0.99 volume=919 count=3 WAP=0.98996
HistoricalData:  id=1010 date = 20241029 19:00:00 Europe/Kiev open=0.9801 high=0.989 low=0.97 close=0.9752 volume=11562 count=20 WAP=0.97464
HistoricalData:  id=1010 date = 20241029 19:15:00 Europe/Kiev open=0.979 high=0.979 low=0.979 close=0.979 volume=100 count=1 WAP=0.979
HistoricalData:  id=1010 date = 20241029 19:30:00 Europe/Kiev open=0.9799 high=0.9799 low=0.9799 close=0.9799 volume=1679 count=1 WAP=0.9799
HistoricalData:  id=1010 date = 20241029 19:45:00 Europe/Kiev open=0.9722 high=0.9722 low=0.97 close=0.97 volume=5560 count=5 WAP=0.97083
HistoricalData:  id=1010 date = 20241029 20:00:00 Europe/Kiev open=0.97 high=0.97 low=0.97 close=0.97 volume=0 count=0 WAP=0.97
HistoricalData:  id=1010 date = 20241029 20:15:00 Europe/Kiev open=0.96 high=0.9698 low=0.96 close=0.9698 volume=700 count=3 WAP=0.96203
HistoricalData:  id=1010 date = 20241029 20:30:00 Europe/Kiev open=0.9698 high=0.9698 low=0.9698 close=0.9698 volume=0 count=0 WAP=0.9698
HistoricalData:  id=1010 date = 20241029 20:45:00 Europe/Kiev open=0.9698 high=0.9698 low=0.9698 close=0.9698 volume=0 count=0 WAP=0.9698
HistoricalData:  id=1010 date = 20241029 21:00:00 Europe/Kiev open=0.9698 high=0.9699 low=0.9698 close=0.9698 volume=1806 count=9 WAP=0.96982
HistoricalData:  id=1010 date = 20241029 21:15:00 Europe/Kiev open=0.96 high=0.96 low=0.95 close=0.95 volume=20082 count=7 WAP=0.95025
HistoricalData:  id=1010 date = 20241029 21:30:00 Europe/Kiev open=0.95 high=0.95 low=0.94 close=0.94 volume=39078 count=4 WAP=0.94997
HistoricalData:  id=1010 date = 20241029 21:45:00 Europe/Kiev open=0.9248 high=1 low=0.9248 close=0.98 volume=90572 count=73 WAP=0.97164
HistoricalData:  id=1010 date = 20241030 15:30:00 Europe/Kiev open=0.97 high=0.9703 low=0.97 close=0.9703 volume=805 count=4 WAP=0.97007
HistoricalData:  id=1010 date = 20241030 15:45:00 Europe/Kiev open=0.9703 high=0.9703 low=0.9703 close=0.9703 volume=0 count=0 WAP=0.9703
HistoricalData:  id=1010 date = 20241030 16:00:00 Europe/Kiev open=0.9703 high=0.9703 low=0.9703 close=0.9703 volume=0 count=0 WAP=0.9703
HistoricalData:  id=1010 date = 20241030 16:15:00 Europe/Kiev open=0.9703 high=0.9703 low=0.9703 close=0.9703 volume=0 count=0 WAP=0.9703
HistoricalData:  id=1010 date = 20241030 16:30:00 Europe/Kiev open=0.9703 high=0.9703 low=0.9703 close=0.9703 volume=0 count=0 WAP=0.9703
HistoricalData:  id=1010 date = 20241030 16:45:00 Europe/Kiev open=0.9612 high=0.9612 low=0.9612 close=0.9612 volume=2990 count=9 WAP=0.9612
HistoricalData:  id=1010 date = 20241030 17:00:00 Europe/Kiev open=0.94 high=0.9552 low=0.94 close=0.9488 volume=1900 count=3 WAP=0.94901
HistoricalData:  id=1010 date = 20241030 17:15:00 Europe/Kiev open=0.9488 high=0.9488 low=0.9488 close=0.9488 volume=0 count=0 WAP=0.9488
HistoricalData:  id=1010 date = 20241030 17:30:00 Europe/Kiev open=0.9512 high=0.9512 low=0.9512 close=0.9512 volume=400 count=1 WAP=0.9512
HistoricalData:  id=1010 date = 20241030 17:45:00 Europe/Kiev open=0.9512 high=0.9512 low=0.9512 close=0.9512 volume=200 count=1 WAP=0.9512
HistoricalData:  id=1010 date = 20241030 18:00:00 Europe/Kiev open=0.9512 high=0.9512 low=0.9512 close=0.9512 volume=0 count=0 WAP=0.9512
HistoricalData:  id=1010 date = 20241030 18:15:00 Europe/Kiev open=0.9512 high=0.9512 low=0.9512 close=0.9512 volume=0 count=0 WAP=0.9512
HistoricalData:  id=1010 date = 20241030 18:30:00 Europe/Kiev open=0.9575 high=0.9575 low=0.9575 close=0.9575 volume=100 count=1 WAP=0.9575
HistoricalData:  id=1010 date = 20241030 18:45:00 Europe/Kiev open=0.9575 high=0.9575 low=0.9575 close=0.9575 volume=0 count=0 WAP=0.9575
HistoricalData:  id=1010 date = 20241030 19:00:00 Europe/Kiev open=0.9573 high=0.9573 low=0.9573 close=0.9573 volume=200 count=1 WAP=0.9573
HistoricalData:  id=1010 date = 20241030 19:15:00 Europe/Kiev open=0.9573 high=0.9573 low=0.9573 close=0.9573 volume=0 count=0 WAP=0.9573
HistoricalData:  id=1010 date = 20241030 19:30:00 Europe/Kiev open=0.9703 high=0.9703 low=0.9614 close=0.9703 volume=2193 count=5 WAP=0.96989
HistoricalData:  id=1010 date = 20241030 19:45:00 Europe/Kiev open=0.9801 high=0.9801 low=0.9801 close=0.9801 volume=100 count=1 WAP=0.9801
HistoricalData:  id=1010 date = 20241030 20:00:00 Europe/Kiev open=0.9801 high=0.9801 low=0.9801 close=0.9801 volume=0 count=0 WAP=0.9801
HistoricalData:  id=1010 date = 20241030 20:15:00 Europe/Kiev open=0.9899 high=0.9899 low=0.9899 close=0.9899 volume=100 count=1 WAP=0.9899
HistoricalData:  id=1010 date = 20241030 20:30:00 Europe/Kiev open=0.9899 high=0.9899 low=0.9899 close=0.9899 volume=0 count=0 WAP=0.9899
HistoricalData:  id=1010 date = 20241030 20:45:00 Europe/Kiev open=0.9898 high=0.9898 low=0.9898 close=0.9898 volume=100 count=1 WAP=0.9898
HistoricalData:  id=1010 date = 20241030 21:00:00 Europe/Kiev open=0.9898 high=0.9898 low=0.9898 close=0.9898 volume=0 count=0 WAP=0.9898
HistoricalData:  id=1010 date = 20241030 21:15:00 Europe/Kiev open=0.98 high=0.98 low=0.98 close=0.98 volume=210 count=2 WAP=0.98
HistoricalData:  id=1010 date = 20241030 21:30:00 Europe/Kiev open=0.98 high=0.98 low=0.98 close=0.98 volume=0 count=0 WAP=0.98
HistoricalData:  id=1010 date = 20241030 21:45:00 Europe/Kiev open=0.9801 high=1 low=0.9556 close=1 volume=18867 count=57 WAP=0.98808
HistoricalData:  id=1010 date = 20241031 15:30:00 Europe/Kiev open=0.9588 high=0.97 low=0.9588 close=0.97 volume=1599 count=4 WAP=0.96021
HistoricalData:  id=1010 date = 20241031 15:45:00 Europe/Kiev open=0.97 high=0.97 low=0.97 close=0.97 volume=0 count=0 WAP=0.97
HistoricalData:  id=1010 date = 20241031 16:00:00 Europe/Kiev open=0.97 high=0.97 low=0.97 close=0.97 volume=0 count=0 WAP=0.97
HistoricalData:  id=1010 date = 20241031 16:15:00 Europe/Kiev open=0.9651 high=0.9651 low=0.9651 close=0.9651 volume=100 count=1 WAP=0.9651
HistoricalData:  id=1010 date = 20241031 16:30:00 Europe/Kiev open=0.9651 high=0.9651 low=0.9651 close=0.9651 volume=0 count=0 WAP=0.9651
HistoricalData:  id=1010 date = 20241031 16:45:00 Europe/Kiev open=0.9603 high=0.97 low=0.94 close=0.97 volume=7100 count=12 WAP=0.9518
HistoricalData:  id=1010 date = 20241031 17:00:00 Europe/Kiev open=0.97 high=0.97 low=0.97 close=0.97 volume=0 count=0 WAP=0.97
HistoricalData:  id=1010 date = 20241031 17:15:00 Europe/Kiev open=0.97 high=0.97 low=0.97 close=0.97 volume=0 count=0 WAP=0.97
HistoricalData:  id=1010 date = 20241031 17:30:00 Europe/Kiev open=0.97 high=0.97 low=0.97 close=0.97 volume=100 count=1 WAP=0.97
HistoricalData:  id=1010 date = 20241031 17:45:00 Europe/Kiev open=0.97 high=0.97 low=0.97 close=0.97 volume=0 count=0 WAP=0.97
HistoricalData:  id=1010 date = 20241031 18:00:00 Europe/Kiev open=0.9548 high=0.9549 low=0.9548 close=0.9549 volume=346 count=2 WAP=0.95485
HistoricalData:  id=1010 date = 20241031 18:15:00 Europe/Kiev open=0.9548 high=0.9699 low=0.9548 close=0.9699 volume=200 count=2 WAP=0.96235
HistoricalData:  id=1010 date = 20241031 18:30:00 Europe/Kiev open=0.9699 high=0.9699 low=0.9699 close=0.9699 volume=0 count=0 WAP=0.9699
HistoricalData:  id=1010 date = 20241031 18:45:00 Europe/Kiev open=0.9699 high=0.9699 low=0.9699 close=0.9699 volume=0 count=0 WAP=0.9699
HistoricalData:  id=1010 date = 20241031 19:00:00 Europe/Kiev open=0.9699 high=0.9699 low=0.9699 close=0.9699 volume=0 count=0 WAP=0.9699
HistoricalData:  id=1010 date = 20241031 19:15:00 Europe/Kiev open=0.9699 high=0.9699 low=0.9699 close=0.9699 volume=0 count=0 WAP=0.9699
HistoricalData:  id=1010 date = 20241031 19:30:00 Europe/Kiev open=0.97 high=0.97 low=0.97 close=0.97 volume=619 count=2 WAP=0.97
HistoricalData:  id=1010 date = 20241031 19:45:00 Europe/Kiev open=0.97 high=0.97 low=0.97 close=0.97 volume=0 count=0 WAP=0.97
HistoricalData:  id=1010 date = 20241031 20:00:00 Europe/Kiev open=0.97 high=0.97 low=0.97 close=0.97 volume=0 count=0 WAP=0.97
HistoricalData:  id=1010 date = 20241031 20:15:00 Europe/Kiev open=0.97 high=0.97 low=0.97 close=0.97 volume=0 count=0 WAP=0.97
HistoricalData:  id=1010 date = 20241031 20:30:00 Europe/Kiev open=0.97 high=0.97 low=0.97 close=0.97 volume=0 count=0 WAP=0.97
HistoricalData:  id=1010 date = 20241031 20:45:00 Europe/Kiev open=0.955 high=0.955 low=0.94 close=0.94 volume=5598 count=7 WAP=0.94062
HistoricalData:  id=1010 date = 20241031 21:00:00 Europe/Kiev open=0.94 high=0.94 low=0.94 close=0.94 volume=0 count=0 WAP=0.94
HistoricalData:  id=1010 date = 20241031 21:15:00 Europe/Kiev open=0.9325 high=0.9325 low=0.9325 close=0.9325 volume=1064 count=1 WAP=0.9325
HistoricalData:  id=1010 date = 20241031 21:30:00 Europe/Kiev open=0.9288 high=0.9288 low=0.9288 close=0.9288 volume=100 count=1 WAP=0.9288
HistoricalData:  id=1010 date = 20241031 21:45:00 Europe/Kiev open=0.9249 high=0.9324 low=0.9249 close=0.9324 volume=480 count=4 WAP=0.92646
HistoricalData:  id=1010 date = 20241101 15:30:00 Europe/Kiev open=0.92 high=0.92 low=0.92 close=0.92 volume=839 count=3 WAP=0.92
HistoricalData:  id=1010 date = 20241101 15:45:00 Europe/Kiev open=0.92 high=0.92 low=0.92 close=0.92 volume=0 count=0 WAP=0.92
HistoricalData:  id=1010 date = 20241101 16:00:00 Europe/Kiev open=0.92 high=0.92 low=0.92 close=0.92 volume=0 count=0 WAP=0.92
HistoricalData:  id=1010 date = 20241101 16:15:00 Europe/Kiev open=0.92 high=0.92 low=0.92 close=0.92 volume=0 count=0 WAP=0.92
HistoricalData:  id=1010 date = 20241101 16:30:00 Europe/Kiev open=0.92 high=0.92 low=0.92 close=0.92 volume=0 count=0 WAP=0.92
HistoricalData:  id=1010 date = 20241101 16:45:00 Europe/Kiev open=0.908 high=0.908 low=0.908 close=0.908 volume=102 count=1 WAP=0.908
HistoricalData:  id=1010 date = 20241101 17:00:00 Europe/Kiev open=0.9248 high=0.9248 low=0.9248 close=0.9248 volume=82127 count=9 WAP=0.9248
HistoricalData:  id=1010 date = 20241101 17:15:00 Europe/Kiev open=0.9248 high=0.99 low=0.9248 close=0.99 volume=19915 count=16 WAP=0.95559
HistoricalData:  id=1010 date = 20241101 17:30:00 Europe/Kiev open=0.9895 high=1.01 low=0.9692 close=0.9692 volume=22472 count=38 WAP=0.99857
HistoricalData:  id=1010 date = 20241101 17:45:00 Europe/Kiev open=0.98 high=1.0012 low=0.98 close=1 volume=6190 count=15 WAP=0.99783
HistoricalData:  id=1010 date = 20241101 18:00:00 Europe/Kiev open=1.01 high=1.06 low=1.01 close=1.0101 volume=38553 count=38 WAP=1.03807
HistoricalData:  id=1010 date = 20241101 18:15:00 Europe/Kiev open=1.03 high=1.04 low=1.03 close=1.03 volume=2821 count=11 WAP=1.03419
HistoricalData:  id=1010 date = 20241101 18:30:00 Europe/Kiev open=1.03 high=1.03 low=1.02 close=1.02 volume=5880 count=12 WAP=1.02674
HistoricalData:  id=1010 date = 20241101 18:45:00 Europe/Kiev open=1.03 high=1.03 low=1.02 close=1.02 volume=1658 count=5 WAP=1.02241
HistoricalData:  id=1010 date = 20241101 19:00:00 Europe/Kiev open=1.015 high=1.015 low=1.01 close=1.01 volume=1015 count=3 WAP=1.01268
HistoricalData:  id=1010 date = 20241101 19:15:00 Europe/Kiev open=1.0163 high=1.0163 low=1.0163 close=1.0163 volume=100 count=1 WAP=1.0163
HistoricalData:  id=1010 date = 20241101 19:30:00 Europe/Kiev open=1.0233 high=1.0279 low=1.011 close=1.02 volume=2253 count=8 WAP=1.01415
HistoricalData:  id=1010 date = 20241101 19:45:00 Europe/Kiev open=1.0286 high=1.0286 low=1.01 close=1.01 volume=1155 count=2 WAP=1.02562
HistoricalData:  id=1010 date = 20241101 20:00:00 Europe/Kiev open=1.0102 high=1.03 low=1.01 close=1.011 volume=850 count=5 WAP=1.02191
HistoricalData:  id=1010 date = 20241101 20:15:00 Europe/Kiev open=1.01 high=1.02 low=1.01 close=1.02 volume=200 count=2 WAP=1.015
HistoricalData:  id=1010 date = 20241101 20:30:00 Europe/Kiev open=1.02 high=1.02 low=1.02 close=1.02 volume=0 count=0 WAP=1.02
HistoricalData:  id=1010 date = 20241101 20:45:00 Europe/Kiev open=1.015 high=1.015 low=1.015 close=1.015 volume=100 count=1 WAP=1.015
HistoricalData:  id=1010 date = 20241101 21:00:00 Europe/Kiev open=1.015 high=1.0196 low=1.01 close=1.01 volume=1400 count=8 WAP=1.01405
HistoricalData:  id=1010 date = 20241101 21:15:00 Europe/Kiev open=1.015 high=1.015 low=1.015 close=1.015 volume=100 count=1 WAP=1.015
HistoricalData:  id=1010 date = 20241101 21:30:00 Europe/Kiev open=1.01 high=1.01 low=1.0045 close=1.005 volume=1436 count=10 WAP=1.00901
HistoricalData:  id=1010 date = 20241101 21:45:00 Europe/Kiev open=1 high=1.03 low=1 close=1.015 volume=25655 count=15 WAP=1.01373
HistoricalDataEnd. id=1010 start date = 20241026 11:52:49 Europe/Kiev end date=20241103 11:52:49 Europe/Kiev
EMA for day 13: 1.0054929487179485
EMA for day 14: 1.004647879684418
EMA for day 15: 1.0039020520406614
EMA for day 16: 1.003270967111329
EMA for day 17: 1.0027369721711246
EMA for day 18: 1.002285130298644
EMA for day 19: 1.001902802560391
EMA for day 20: 0.9985946790895617
EMA for day 21: 0.9987954976911676
EMA for day 22: 0.9989654211232957
EMA for day 23: 0.9991092024889424
EMA for day 24: 0.9992308636444898
EMA for day 25: 0.9984722692376452
EMA for day 26: 0.9994765355087767
EMA for day 27: 0.9967878377381957
EMA for day 28: 0.995558939624627
EMA for day 29: 0.9962267950669921
EMA for day 30: 0.996791903518224
EMA for day 31: 0.997270072207728
EMA for day 32: 0.9961823687911544
EMA for day 33: 0.9949696966694384
EMA for day 34: 0.9939435894895248
EMA for day 35: 0.9918138064911364
EMA for day 36: 0.9900116824155769
EMA for day 37: 0.9772868081977959
EMA for day 38: 0.9700426838596734
EMA for day 39: 0.9693438094197238
EMA for day 40: 0.9687524541243817
EMA for day 41: 0.9682520765667846
EMA for day 42: 0.9678286801718947
EMA for day 43: 0.967470421683911
EMA for day 44: 0.9671672798863862
EMA for day 45: 0.9669107752884807
EMA for day 46: 0.9666937329364067
EMA for day 47: 0.9665100817154211
EMA for day 48: 0.9663546845284332
EMA for day 49: 0.9697924253702128
EMA for day 50: 0.9727012830055648
EMA for day 51: 0.9693933933124009
EMA for day 52: 0.9756405635720315
EMA for day 53: 0.9793881691763344
EMA for day 54: 0.982559220072283
EMA for day 55: 0.9852270323688549
EMA for day 56: 0.9874844120044156
EMA for day 57: 0.9893945024652747
EMA for day 58: 0.9910107328552324
EMA for day 59: 0.9916706201082736
EMA for day 60: 0.9929059093223853
EMA for day 61: 0.9939511540420184
EMA for day 62: 0.9948355918817079
EMA for day 63: 0.9955993469768298
EMA for day 64: 0.9960456012880867
EMA for day 65: 0.9966232010899196
EMA for day 66: 0.9971119393837782
EMA for day 67: 0.9971408717862739
EMA for day 68: 0.9971499684345394
EMA for day 69: 0.9971576655984564
EMA for day 70: 0.9975641785833094
EMA for day 71: 0.997908151108954
EMA for day 72: 0.9981992047844996
EMA for day 73: 0.9984454809714998
EMA for day 74: 0.998653868514346
EMA for day 75: 0.9984301964352158
EMA for day 76: 0.9982409354451826
EMA for day 77: 0.9983884838382314
EMA for day 78: 1.000174870940042
EMA for day 79: 1.0001171984877277
EMA for day 80: 1.000068398720385
EMA for day 81: 0.9988732604557105
EMA for day 82: 0.9975696819240627
EMA for day 83: 0.9972051154742069
EMA for day 84: 0.9970658669397136
EMA for day 85: 0.9974865027951423
EMA for day 86: 0.9978424254420435
EMA for day 87: 0.9981435907586522
EMA for day 88: 0.9975522691034749
EMA for day 89: 0.9970519200106326
EMA for day 90: 0.9966285477013045
EMA for day 91: 0.9962703095934115
EMA for day 92: 0.9959671850405789
EMA for day 93: 0.995710695034336
EMA for day 94: 0.9954936650290535
EMA for day 95: 0.9961561781015067
EMA for day 96: 0.998285996855121
EMA for day 97: 0.9994419973389486
EMA for day 98: 0.9995278439021873
EMA for day 99: 0.999554329455697
EMA for day 100: 0.9980998172317436
EMA for day 101: 0.9970383068883985
EMA for day 102: 0.9961401058286449
EMA for day 103: 0.9953800895473149
EMA for day 104: 0.9960908450015742
EMA for day 105: 0.9966768688474859
EMA for day 106: 0.9971727351786418
EMA for day 107: 0.9975923143819276
EMA for day 108: 0.994916573707785
EMA for day 109: 0.9941755623681257
EMA for day 110: 0.9935485527730293
EMA for day 111: 0.9930180061925632
EMA for day 112: 0.992569082162938
EMA for day 113: 0.9921892233686398
EMA for day 114: 0.991867804388849
EMA for day 115: 0.9915958344828723
EMA for day 116: 0.9913657061008919
EMA for day 117: 0.9896325205469085
EMA for day 118: 0.9896890558473841
EMA for day 119: 0.9874599703324018
EMA for day 120: 0.9861584364351093
EMA for day 121: 0.985195600060477
EMA for day 122: 0.9828578154357883
EMA for day 123: 0.9808796899841286
EMA for day 124: 0.9791751222942626
EMA for day 125: 0.977732795787453
EMA for day 126: 0.9765123656663064
EMA for day 127: 0.9754796940253362
EMA for day 128: 0.9715597410983614
EMA for day 129: 0.9667043963139981
EMA for day 130: 0.9687498738041522
EMA for day 131: 0.9689883547573596
EMA for day 132: 0.9691901463331504
EMA for day 133: 0.9693608930511273
EMA for day 134: 0.9695053710432615
EMA for day 135: 0.9696276216519905
EMA for day 136: 0.9683310644747612
EMA for day 137: 0.9653262853247979
EMA for day 138: 0.9627837798902136
EMA for day 139: 0.9610016599071037
EMA for day 140: 0.9594937122290877
EMA for day 141: 0.9582177565015357
EMA for day 142: 0.9571381016551456
EMA for day 143: 0.9571937783235847
EMA for day 144: 0.9572408893507254
EMA for day 145: 0.9572499832967676
EMA for day 146: 0.9572576781741879
EMA for day 147: 0.9592641892243129
EMA for day 148: 0.9624696985744187
EMA for day 149: 0.9651820526398928
EMA for day 150: 0.968984813772217
EMA for day 151: 0.9722025347303375
EMA for day 152: 0.9749098370795163
EMA for day 153: 0.9772006313749754
EMA for day 154: 0.977631303471133
EMA for day 155: 0.9779957183217279
EMA for day 156: 0.9813809924260775
EMA for day 157: 0.9796300705143732
EMA for day 158: 0.9781485212044696
EMA for day 159: 0.9768949025576281
EMA for day 160: 0.9750803021641469
EMA for day 161: 0.9735448710619704
EMA for day 162: 0.9729995062832058
EMA for day 163: 0.972538043778097
EMA for day 164: 0.9721475755045437
EMA for day 165: 0.9718171792730754
EMA for day 166: 0.9715376132310638
EMA for day 167: 0.9689779804262847
EMA for day 168: 0.9691198295914717
EMA for day 169: 0.9692398558081684
EMA for day 170: 0.9693414164530656
EMA for day 171: 0.9694273523833632
EMA for day 172: 0.9695000674013073
EMA for day 173: 0.9695769801087986
EMA for day 174: 0.9696420600920603
EMA for day 175: 0.9696971277702049
EMA for day 176: 0.9697437234978656
EMA for day 177: 0.9697831506520402
EMA for day 178: 0.9652011274748032
EMA for day 179: 0.9613240309402181
EMA for day 180: 0.956889564641723
EMA for day 181: 0.9525680931583811
EMA for day 182: 0.9494653095955533
EMA for day 183: 0.9449321850423913
EMA for day 184: 0.9410964642666388
EMA for day 185: 0.9378508543794637
EMA for day 186: 0.9351045690903155
EMA for day 187: 0.9327807892302669
EMA for day 188: 0.9289683601179181
EMA for day 189: 0.9283270739459306
EMA for day 190: 0.9378152164157874
EMA for day 191: 0.9426436446595123
EMA for day 192: 0.9514676993272797
EMA for day 193: 0.960488053276929
EMA for day 194: 0.9711821989266323
EMA for day 195: 0.9786926298609966
EMA for day 196: 0.9850476098823817
EMA for day 197: 0.988886439131246
EMA for day 198: 0.9931039100341312
EMA for day 199: 0.9972417700288803
EMA for day 200: 0.9992045746398217
EMA for day 201: 1.0010192554644646
EMA for day 202: 1.0039393700083932
EMA for day 203: 1.006410236160948
EMA for day 204: 1.0077317382900328
EMA for day 205: 1.0080807016300277
EMA for day 206: 1.0091452090715618
EMA for day 207: 1.0085074845990138
EMA for day 208: 1.0095063331222425
EMA for day 12: 1.0095063331222425
EMA for day 27: 1.0006680911680912
EMA for day 28: 0.9997889733037881
EMA for day 29: 0.9997971975035076
EMA for day 30: 0.9998048125032477
EMA for day 31: 0.999811863428933
EMA for day 32: 0.9990998735453084
EMA for day 33: 0.9982998829123225
EMA for day 34: 0.9975591508447431
EMA for day 35: 0.9962658804117992
EMA for day 36: 0.995068407788703
EMA for day 37: 0.988567044248799
EMA for day 38: 0.9842435594896287
EMA for day 39: 0.9828551476755821
EMA for day 40: 0.9815695811810946
EMA for day 41: 0.9803792418343469
EMA for day 42: 0.9792770757725434
EMA for day 43: 0.9782565516412439
EMA for day 44: 0.9773116218900407
EMA for day 45: 0.9764366869352229
EMA for day 46: 0.9756265619770582
EMA for day 47: 0.9748764462750539
EMA for day 48: 0.974181894699124
EMA for day 49: 0.9752573099065962
EMA for day 50: 0.9762530647283297
EMA for day 51: 0.9743972821558609
EMA for day 52: 0.977034520514686
EMA for day 53: 0.9787356671432278
EMA for day 54: 0.9803108029103961
EMA for day 55: 0.9817618545466631
EMA for day 56: 0.98310542087654
EMA for day 57: 0.984349463774574
EMA for day 58: 0.9855013553468277
EMA for day 59: 0.9862271808766923
EMA for day 60: 0.9872251674784187
EMA for day 61: 0.9881492291466839
EMA for day 62: 0.989004841802485
EMA for day 63: 0.9898044831504491
EMA for day 64: 0.9904485955096751
EMA for day 65: 0.991141292138588
EMA for day 66: 0.9917826779061001
EMA for day 67: 0.9921913684315742
EMA for day 68: 0.9925623781773835
EMA for day 69: 0.9929059057197995
EMA for day 70: 0.9934165793701848
EMA for day 71: 0.9938894253427637
EMA for day 72: 0.9943272456877442
EMA for day 73: 0.9947326348960595
EMA for day 74: 0.9951079952741292
EMA for day 75: 0.9952629585871566
EMA for day 76: 0.9954064431362561
EMA for day 77: 0.9956874473483852
EMA for day 78: 0.99674763643369
EMA for day 79: 0.9969737374386018
EMA for day 80: 0.9971830902209277
EMA for day 81: 0.9968213798341923
EMA for day 82: 0.9963457220686965
EMA for day 83: 0.9962608537673117
EMA for day 84: 0.9962637534882515
EMA for day 85: 0.9965256976743069
EMA for day 86: 0.9967682385873212
EMA for day 87: 0.9969928135067789
EMA for day 88: 0.9967933458396101
EMA for day 89: 0.9966086535551946
EMA for day 90: 0.9964376421807357
EMA for day 91: 0.996279298315496
EMA for day 92: 0.9961326836254593
EMA for day 93: 0.9959969292828327
EMA for day 94: 0.9958712308174377
EMA for day 95: 0.9961622507568867
EMA for day 96: 0.9971872692193395
EMA for day 97: 0.9978252492771663
EMA for day 98: 0.9979863419233022
EMA for day 99: 0.9981132795586131
EMA for day 100: 0.997519703295012
EMA for day 101: 0.9970515771250112
EMA for day 102: 0.9966181269676031
EMA for day 103: 0.9962167842292622
EMA for day 104: 0.996497022434502
EMA for day 105: 0.9967490948467612
EMA for day 106: 0.9969824952284827
EMA for day 107: 0.9971986066930396
EMA for day 108: 0.9959394506417034
EMA for day 109: 0.9955068987423179
EMA for day 110: 0.9951063877243684
EMA for day 111: 0.99473554418923
EMA for day 112: 0.9943921705455834
EMA for day 113: 0.9940742319866512
EMA for day 114: 0.9937798444320844
EMA for day 115: 0.9935072633630411
EMA for day 116: 0.9932548734842973
EMA for day 117: 0.9922804384113864
EMA for day 118: 0.9921115170475799
EMA for day 119: 0.9908588120810925
EMA for day 120: 0.9899803815565672
EMA for day 121: 0.9892336866264512
EMA for day 122: 0.9878089690985659
EMA for day 123: 0.9864897862023758
EMA for day 124: 0.9852535057429406
EMA for day 125: 0.9841088016138339
EMA for day 126: 0.9830488903831794
EMA for day 127: 0.9820674910955365
EMA for day 128: 0.979692121384756
EMA for day 129: 0.9767519642451444
EMA for day 130: 0.9769925594862447
EMA for day 131: 0.9764968143391155
EMA for day 132: 0.9760377910547366
EMA for day 133: 0.9756127694951265
EMA for day 134: 0.9752192310140061
EMA for day 135: 0.9748548435314871
EMA for day 136: 0.9738433736402659
EMA for day 137: 0.9719883089261722
EMA for day 138: 0.9702706564131224
EMA for day 139: 0.9688580151973355
EMA for day 140: 0.9675500140716069
EMA for day 141: 0.9663389019181545
EMA for day 142: 0.965217501776069
EMA for day 143: 0.9646458349778417
EMA for day 144: 0.964116513868372
EMA for day 145: 0.9636115869151594
EMA for day 146: 0.9631440619584809
EMA for day 147: 0.9636741314430379
EMA for day 148: 0.9648908624472573
EMA for day 149: 0.9660174652289419
EMA for day 150: 0.9677865418786499
EMA for day 151: 0.9694245758135647
EMA for day 152: 0.9709338664940415
EMA for day 153: 0.9723313578648533
EMA for day 154: 0.9728994054304196
EMA for day 155: 0.9734253753985367
EMA for day 156: 0.9753938661097562
EMA for day 157: 0.9749943204719965
EMA for day 158: 0.9746243708074042
EMA for day 159: 0.9742818248216705
EMA for day 160: 0.9736016896496948
EMA for day 161: 0.9729719348608286
EMA for day 162: 0.9727517915378042
EMA for day 163: 0.9725479551275965
EMA for day 164: 0.9723592177107375
EMA for day 165: 0.9721844608432755
EMA for day 166: 0.9720226489289587
EMA for day 167: 0.9707543045638507
EMA for day 168: 0.9706910227443062
EMA for day 169: 0.9706324284669501
EMA for day 170: 0.9705781745064352
EMA for day 171: 0.9705279393578103
EMA for day 172: 0.9704814253313059
EMA for day 173: 0.9704457641956535
EMA for day 174: 0.9704127446256051
EMA for day 175: 0.9703821709496343
EMA for day 176: 0.9703538619904021
EMA for day 177: 0.970327649991113
EMA for day 178: 0.9680811573991787
EMA for day 179: 0.9660010716659061
EMA for day 180: 0.9635195108017649
EMA for day 181: 0.9609476951868193
EMA for day 182: 0.9588330510989067
EMA for day 183: 0.955956528795284
EMA for day 184: 0.9532930822178556
EMA for day 185: 0.950826927979496
EMA for day 186: 0.9485434518328667
EMA for day 187: 0.9464291220674692
EMA for day 188: 0.9435825204328419
EMA for day 189: 0.9421912226230017
EMA for day 190: 0.9457326135398164
EMA for day 191: 0.9474709384627931
EMA for day 192: 0.9513619800581418
EMA for day 193: 0.9557129444982795
EMA for day 194: 0.9612156893502588
EMA for day 195: 0.9655700827317212
EMA for day 196: 0.9696019284552975
EMA for day 197: 0.9725943781993495
EMA for day 198: 0.9758318316660644
EMA for day 199: 0.9791035478389485
EMA for day 200: 0.9813921739249523
EMA for day 201: 0.9835853462268077
EMA for day 202: 0.9862827279877849
EMA for day 203: 0.9887803036923936
EMA for day 204: 0.9907225034188829
EMA for day 205: 0.9921504661285953
EMA for day 206: 0.9938430241931437
EMA for day 207: 0.9946694668455035
EMA for day 208: 0.996175432264355
EMA for day 26: 0.996175432264355
EMA for day 201: 0.9828761517412931
EMA for day 202: 0.9832455432662554
EMA for day 203: 0.9836112592536558
EMA for day 204: 0.9839235850322264
EMA for day 205: 0.9841830518478262
EMA for day 206: 0.9844896881478479
EMA for day 207: 0.9846937708528445
EMA for day 208: 0.9849953253717217
EMA for day 200: 0.9849953253717217
]]></system-out>
  <system-err><![CDATA[]]></system-err>
</testsuite>
