<?xml version="1.0" encoding="UTF-8"?>
<testsuite name="OptionTest" tests="2" skipped="0" failures="0" errors="0" timestamp="2024-11-05T17:57:27" hostname="user-System-Product-Name" time="0.035">
  <properties/>
  <testcase name="scannerCross" classname="OptionTest" time="0.029"/>
  <testcase name="testRelease" classname="OptionTest" time="0.005"/>
  <system-out><![CDATA[message processing
open order: orderId=320 action=SELL quantity=91 conid=272997 symbol=COST secType=STK exchange=SMART currency=USD localSymbol=COST tradingClass=NMS type=STP lmtPrice=0 auxPrice=853.86 TIF=DAY origin=0 clientId=0 parentId=0 permId=1091192527 discretionaryAmt=0 triggerMethod=0 ocaType=3 rule80A=0 trailStopPrice=853.86 account=DU2048440 clearingIntent=IB dontUseAutoPriceForHedge parentPermId=0 duration=0 status=PreSubmitted
order status: orderId=320 clientId=0 permId=1091192527 status=PreSubmitted filled=0 remaining=91 avgFillPrice=0 lastFillPrice=0 parent Id=0 whyHeld=trigger mktCapPrice=0
message processing
]]></system-out>
  <system-err><![CDATA[]]></system-err>
</testsuite>
