<?xml version="1.0" encoding="UTF-8"?>
<testsuite name="OptionTest" tests="1" skipped="0" failures="0" errors="0" timestamp="2024-10-22T05:47:27" hostname="user-System-Product-Name" time="0.024">
  <properties/>
  <testcase name="scannerCross" classname="OptionTest" time="0.024"/>
  <system-out><![CDATA[message processing
Next Valid Order ID: 149
]]></system-out>
  <system-err><![CDATA[]]></system-err>
</testsuite>
